#
# There is insufficient memory for the Java Runtime Environment to continue.
# Native memory allocation (malloc) failed to allocate 1048576 bytes for AllocateHeap
# Possible reasons:
#   The system is out of physical RAM or classtype.swap space
#   In 32 bit mode, the process size limit was hit
# Possible solutions:
#   Reduce memory load on the system
#   Increase physical memory or classtype.swap space
#   Check if classtype.swap backing store is full
#   Use 64 bit Java on a 64 bit OS
#   Decrease Java heap size (-Xmx/-Xms)
#   Decrease number of Java threads
#   Decrease Java thread stack sizes (-Xss)
#   Set larger code cache with -XX:ReservedCodeCacheSize=
# This output file may be truncated or incomplete.
#
#  Out of Memory Error (memory/allocation.inline.hpp:61), pid=3992, tid=0x0000000000001264
#
# JRE version:  (8.0_101-b13) (build )
# Java VM: Java HotSpot(TM) 64-Bit Server VM (25.101-b13 mixed mode windows-amd64 compressed oops)
# Failed to write core dump. Minidumps are not enabled by default on client versions of Windows
#

---------------  T H R E A D  ---------------

Current thread (0x00000000003ee000):  JavaThread "Unknown thread" [_thread_in_vm, id=4708, stack(0x00000000022f0000,0x00000000023f0000)]

Stack: [0x00000000022f0000,0x00000000023f0000]
[error occurred during error reporting (printing stack bounds), id 0xc0000005]

Native frames: (J=compiled Java code, j=interpreted, Vv=VM code, C=native code)


---------------  P R O C E S S  ---------------

Java Threads: ( => current thread )

Other Threads:

=>0x00000000003ee000 (exited) JavaThread "Unknown thread" [_thread_in_vm, id=4708, stack(0x00000000022f0000,0x00000000023f0000)]

VM state:not at safepoint (normal execution)

VM Mutex/Monitor currently owned by a thread: None

Heap:
 PSYoungGen      total 38400K, used 665K [0x00000000d5e00000, 0x00000000d8880000, 0x0000000100000000)
  eden space 33280K, 2% used [0x00000000d5e00000,0x00000000d5ea6670,0x00000000d7e80000)
  from space 5120K, 0% used [0x00000000d8380000,0x00000000d8380000,0x00000000d8880000)
  to   space 5120K, 0% used [0x00000000d7e80000,0x00000000d7e80000,0x00000000d8380000)
 ParOldGen       total 87552K, used 0K [0x0000000081a00000, 0x0000000086f80000, 0x00000000d5e00000)
  object space 87552K, 0% used [0x0000000081a00000,0x0000000081a00000,0x0000000086f80000)
 Metaspace       used 780K, capacity 4480K, committed 4480K, reserved 1056768K
  class space    used 75K, capacity 384K, committed 384K, reserved 1048576K

Card table byte_map: [0x0000000011ca0000,0x00000000120a0000] byte_map_base: 0x0000000011893000

Marking Bits: (ParMarkBitMap*) 0x000000007078a6d0
 Begin Bits: [0x0000000012750000, 0x00000000146e8000)
 End Bits:   [0x00000000146e8000, 0x0000000016680000)

Polling page: 0x0000000000670000

CodeCache: size=245760Kb used=328Kb max_used=328Kb free=245431Kb
 bounds [0x00000000028e0000, 0x0000000002b50000, 0x00000000118e0000]
 total_blobs=58 nmethods=0 adapters=38
 compilation: enabled

Compilation events (0 events):
No events

GC Heap History (0 events):
No events

Deoptimization events (0 events):
No events

Internal exceptions (0 events):
No events

Events (10 events):
Event: 0.027 loading class java/lang/Short
Event: 0.027 loading class java/lang/Short done
Event: 0.027 loading class java/lang/Integer
Event: 0.027 loading class java/lang/Integer done
Event: 0.027 loading class java/lang/Long
Event: 0.027 loading class java/lang/Long done
Event: 0.027 loading class java/lang/NullPointerException
Event: 0.027 loading class java/lang/NullPointerException done
Event: 0.027 loading class java/lang/ArithmeticException
Event: 0.028 loading class java/lang/ArithmeticException done


Dynamic libraries:
0x00007ff691080000 - 0x00007ff6910b7000 	D:\android\Java\jdk1.8.0_101\bin\java.exe
0x00007ffdc02b0000 - 0x00007ffdc0481000 	C:\WINDOWS\SYSTEM32\ntdll.dll
0x00007ffdbfd90000 - 0x00007ffdbfe3c000 	C:\WINDOWS\System32\KERNEL32.DLL
0x00007ffdbd530000 - 0x00007ffdbd74d000 	C:\WINDOWS\System32\KERNELBASE.dll
0x00007ffdbfc60000 - 0x00007ffdbfd02000 	C:\WINDOWS\System32\ADVAPI32.dll
0x00007ffdbf9f0000 - 0x00007ffdbfa8e000 	C:\WINDOWS\System32\msvcrt.dll
0x00007ffdbf860000 - 0x00007ffdbf8b9000 	C:\WINDOWS\System32\sechost.dll
0x00007ffdbf8c0000 - 0x00007ffdbf9e1000 	C:\WINDOWS\System32\RPCRT4.dll
0x00007ffdbfad0000 - 0x00007ffdbfc35000 	C:\WINDOWS\System32\USER32.dll
0x00007ffdbd820000 - 0x00007ffdbd83e000 	C:\WINDOWS\System32\win32u.dll
0x00007ffdbfa90000 - 0x00007ffdbfac4000 	C:\WINDOWS\System32\GDI32.dll
0x00007ffdbc8b0000 - 0x00007ffdbca30000 	C:\WINDOWS\System32\gdi32full.dll
0x00007ffdaeb80000 - 0x00007ffdaedfa000 	C:\WINDOWS\WinSxS\amd64_microsoft.windows.common-controls_6595b64144ccf1df_6.0.14393.953_none_42151e83c686086b\COMCTL32.dll
0x00007ffdbd840000 - 0x00007ffdbdb08000 	C:\WINDOWS\System32\combase.dll
0x00007ffdbc7b0000 - 0x00007ffdbc8a5000 	C:\WINDOWS\System32\ucrtbase.dll
0x00007ffdbd750000 - 0x00007ffdbd7ba000 	C:\WINDOWS\System32\bcryptPrimitives.dll
0x00007ffdc0070000 - 0x00007ffdc009e000 	C:\WINDOWS\System32\IMM32.DLL
0x0000000070810000 - 0x00000000708e2000 	D:\android\Java\jdk1.8.0_101\jre\bin\msvcr100.dll
0x000000006ff70000 - 0x000000007080a000 	D:\android\Java\jdk1.8.0_101\jre\bin\server\jvm.dll
0x00007ffdc0000000 - 0x00007ffdc0008000 	C:\WINDOWS\System32\PSAPI.DLL
0x00007ffda6350000 - 0x00007ffda6359000 	C:\WINDOWS\SYSTEM32\WSOCK32.dll
0x00007ffdbfd20000 - 0x00007ffdbfd8a000 	C:\WINDOWS\System32\WS2_32.dll
0x00007ffdba6f0000 - 0x00007ffdba713000 	C:\WINDOWS\SYSTEM32\WINMM.dll
0x00007ffdba5d0000 - 0x00007ffdba5fb000 	C:\WINDOWS\SYSTEM32\WINMMBASE.dll
0x00007ffdbd390000 - 0x00007ffdbd3d2000 	C:\WINDOWS\System32\cfgmgr32.dll
0x00007ffdb94f0000 - 0x00007ffdb94fa000 	C:\WINDOWS\SYSTEM32\VERSION.dll
0x000000006ff60000 - 0x000000006ff6f000 	D:\android\Java\jdk1.8.0_101\jre\bin\verify.dll
0x000000006ff30000 - 0x000000006ff59000 	D:\android\Java\jdk1.8.0_101\jre\bin\java.dll
0x000000006f560000 - 0x000000006f595000 	D:\android\Java\jdk1.8.0_101\jre\bin\jdwp.dll
0x000000006f550000 - 0x000000006f558000 	D:\android\Java\jdk1.8.0_101\jre\bin\npt.dll
0x000000006ff10000 - 0x000000006ff26000 	D:\android\Java\jdk1.8.0_101\jre\bin\zip.dll

VM Arguments:
jvm_args: -agentlib:jdwp=transport=dt_socket,address=127.0.0.1:4188,suspend=y,server=n -Dfile.encoding=UTF-8 
java_command: ObjectToAnyKt
java_class_path (initial): D:\android\Java\jdk1.8.0_101\jre\lib\charsets.jar;D:\android\Java\jdk1.8.0_101\jre\lib\deploy.jar;D:\android\Java\jdk1.8.0_101\jre\lib\ext\access-bridge-64.jar;D:\android\Java\jdk1.8.0_101\jre\lib\ext\cldrdata.jar;D:\android\Java\jdk1.8.0_101\jre\lib\ext\dnsns.jar;D:\android\Java\jdk1.8.0_101\jre\lib\ext\jaccess.jar;D:\android\Java\jdk1.8.0_101\jre\lib\ext\jfxrt.jar;D:\android\Java\jdk1.8.0_101\jre\lib\ext\localedata.jar;D:\android\Java\jdk1.8.0_101\jre\lib\ext\nashorn.jar;D:\android\Java\jdk1.8.0_101\jre\lib\ext\sunec.jar;D:\android\Java\jdk1.8.0_101\jre\lib\ext\sunjce_provider.jar;D:\android\Java\jdk1.8.0_101\jre\lib\ext\sunmscapi.jar;D:\android\Java\jdk1.8.0_101\jre\lib\ext\sunpkcs11.jar;D:\android\Java\jdk1.8.0_101\jre\lib\ext\zipfs.jar;D:\android\Java\jdk1.8.0_101\jre\lib\javaws.jar;D:\android\Java\jdk1.8.0_101\jre\lib\jce.jar;D:\android\Java\jdk1.8.0_101\jre\lib\jfr.jar;D:\android\Java\jdk1.8.0_101\jre\lib\jfxswt.jar;D:\android\Java\jdk1.8.0_101\jre\lib\jsse.jar;D:\android\Java\jdk1.8.0_101\jre\lib\management-agent.jar;D:\android\Java\jdk1.8.0_101\jre\lib\plugin.jar;D:\android\Java\jdk1.8.0_101\jre\lib\resources.jar;D:\android\Java\jdk1.8.0_101\jre\lib\rt.jar;E:\android-temp\ideaJworkSpace\KotlinAdvance\out\production\KotlinAdvance;C:\Users\admin\.IdeaIC2017.2\config\plugins\Kotlin\kotlinc\lib\kotlin-stdlib.jar;C:\Users\admin\.IdeaIC2017.2\config\plugins\Kotlin\kotlinc\lib\kotlin-reflect.jar;C:\Users\admin\.IdeaIC2017.2\config\plugins\Kotlin\kotlinc\lib\kotlin-test.jar;C:\Users\admin\.IdeaIC2017.2\config\plugins\Kotlin\kotlinc\lib\kotlin-stdlib-jdk7.jar;C:\Users\admin\.IdeaIC2017.2\config\plugins\Kotlin\kotlinc\lib\kotlin-stdlib-jdk8.jar;D:\android\IntelliJ IDEA Community Edition 2017.2.1\lib\idea_rt.jar
Launcher Type: SUN_STANDARD

Environment Variables:
JAVA_HOME=D:\android\Java\jdk1.8.0_101
CLASSPATH=.;D:\android\Java\jdk1.8.0_101\lib;D:\android\Java\jdk1.8.0_101\lib\tools.jar
PATH=C:\WINDOWS\system32;C:\WINDOWS;C:\WINDOWS\System32\Wbem;C:\WINDOWS\System32\WindowsPowerShell\v1.0\;D:\Subversion\bin;C:\Program Files\TortoiseSVN\bin;D:\android\Java\jdk1.8.0_101\bin;D:\android\Java\jdk1.8.0_101\jre\bin;%NDK_ROOT%;D:\android\Git\cmd;C:\Users\admin\AppData\Local\Microsoft\WindowsApps;C:\Users\admin\AppData\Local\GitHubDesktop\bin
USERNAME=admin
OS=Windows_NT
PROCESSOR_IDENTIFIER=Intel64 Family 6 Model 94 Stepping 3, GenuineIntel



---------------  S Y S T E M  ---------------

OS: Windows 10.0 , 64 bit Build 14393 (10.0.14393.1198)

CPU:total 4 (4 cores per cpu, 1 threads per core) family 6 model 94 stepping 3, cmov, cx8, fxsr, mmx, sse, sse2, sse3, ssse3, sse4.1, sse4.2, popcnt, avx, avx2, aes, clmul, erms, rtm, 3dnowpref, lzcnt, tsc, tscinvbit, bmi1, bmi2, adx

Memory: 4k page, physical 8277088k(1789108k free), classtype.swap 8277088k(5892k free)

vm_info: Java HotSpot(TM) 64-Bit Server VM (25.101-b13) for windows-amd64 JRE (1.8.0_101-b13), built on Jun 22 2016 01:21:29 by "java_re" with MS VC++ 10.0 (VS2010)

time: Wed May 02 16:00:18 2018
elapsed time: 0 seconds (0d 0h 0m 0s)

